<?xml version="1.0" encoding="UTF-8"?>
<!-- Generated by org.testng.reporters.JUnitXMLReporter -->
<testsuite ignored="1" hostname="LAPTOP-69HIDJSL" failures="0" tests="1" name="Default test" time="12.167" errors="0" timestamp="2025-05-20T12:33:05 IST">
  <testcase classname="com.MytestCases.BaseClass" name="loginwithInvalidcredentials" time="12.089"/>
  <testcase classname="com.MytestCases.BaseClass" name="setUP" time="0.0">
    <ignored/>
  </testcase> <!-- setUP -->
</testsuite> <!-- Default test -->
