<?xml version="1.0" encoding="UTF-8"?>
<testng-results ignored="1" total="2" passed="1" failed="0" skipped="0">
  <reporter-output>
  </reporter-output>
  <suite started-at="2025-05-20T12:32:53 IST" name="Default suite" finished-at="2025-05-20T12:33:05 IST" duration-ms="12167">
    <groups>
    </groups>
    <test started-at="2025-05-20T12:32:53 IST" name="Default test" finished-at="2025-05-20T12:33:05 IST" duration-ms="12167">
      <class name="com.MytestCases.BaseClass">
        <test-method signature="loginwithInvalidcredentials()[pri:0, instance:com.MytestCases.BaseClass@6ca8564a]" started-at="2025-05-20T12:32:53 IST" name="loginwithInvalidcredentials" description="Login test cases is passed" finished-at="2025-05-20T12:33:05 IST" duration-ms="12089" status="PASS">
          <reporter-output>
          </reporter-output>
        </test-method> <!-- loginwithInvalidcredentials -->
      </class> <!-- com.MytestCases.BaseClass -->
    </test> <!-- Default test -->
  </suite> <!-- Default suite -->
</testng-results>
